10:21:01 INFO     [1m[35m[morrisons-orchestrator] Agent server STARTED[0m  {"port": 8000, "pid": 10871}
2026-04-08 10:21:26 INFO     Shutdown signal received for morrisons-orchestrator
10:21:26 INFO     Shutdown signal received for morrisons-orchestrator
2026-04-08 10:21:26 INFO     Draining – active connections: 0
10:21:26 INFO     Draining – active connections: 0
10:21:26 INFO     [1m[35m[morrisons-orchestrator] Agent server STOPPED[0m  {"requests_served": 0}
[32m[1m  ✔ morrisons-orchestrator[0m  listening on port [36m8000[0m  pid=10871

[33m[morrisons-orchestrator] Shutdown signal received – draining…[0m
[33m  ⏳ morrisons-orchestrator: draining 0 connection(s)…[0m
[31m  ✖ morrisons-orchestrator stopped  (served 0 requests)[0m
10:21:45 INFO     [1m[35m[morrisons-orchestrator] Agent server STARTED[0m  {"port": 8000, "pid": 11001}
2026-04-08 10:21:49 INFO     Shutdown signal received for morrisons-orchestrator
10:21:49 INFO     Shutdown signal received for morrisons-orchestrator
2026-04-08 10:21:49 INFO     Draining – active connections: 0
10:21:49 INFO     Draining – active connections: 0
10:21:49 INFO     [1m[35m[morrisons-orchestrator] Agent server STOPPED[0m  {"requests_served": 0}
[32m[1m  ✔ morrisons-orchestrator[0m  listening on port [36m8000[0m  pid=11001

[33m[morrisons-orchestrator] Shutdown signal received – draining…[0m
[33m  ⏳ morrisons-orchestrator: draining 0 connection(s)…[0m
[31m  ✖ morrisons-orchestrator stopped  (served 0 requests)[0m
